<?xml version="1.0" encoding="UTF-8"?>
<testng-results ignored="0" total="2" passed="2" failed="0" skipped="0">
  <reporter-output>
  </reporter-output>
  <suite started-at="2021-03-11T22:55:21 EST" name="Suite" finished-at="2021-03-11T22:55:27 EST" duration-ms="5513">
    <groups>
    </groups>
    <test started-at="2021-03-11T22:55:21 EST" name="Test" finished-at="2021-03-11T22:55:27 EST" duration-ms="5513">
      <class name="sampleTestNG.SampleTest">
        <test-method signature="verifyHomepageTitle()[pri:0, instance:sampleTestNG.SampleTest@43301423]" started-at="2021-03-11T22:55:22 EST" name="verifyHomepageTitle" finished-at="2021-03-11T22:55:27 EST" duration-ms="5363" status="PASS">
          <reporter-output>
          </reporter-output>
        </test-method> <!-- verifyHomepageTitle -->
        <test-method is-config="true" signature="tearDown()[pri:0, instance:sampleTestNG.SampleTest@43301423]" started-at="2021-03-11T22:55:27 EST" name="tearDown" finished-at="2021-03-11T22:55:27 EST" duration-ms="1" status="PASS">
          <reporter-output>
          </reporter-output>
        </test-method> <!-- tearDown -->
        <test-method signature="verifylink()[pri:0, instance:sampleTestNG.SampleTest@43301423]" started-at="2021-03-11T22:55:27 EST" name="verifylink" finished-at="2021-03-11T22:55:27 EST" duration-ms="83" status="PASS">
          <reporter-output>
          </reporter-output>
        </test-method> <!-- verifylink -->
        <test-method is-config="true" signature="tearDown()[pri:0, instance:sampleTestNG.SampleTest@43301423]" started-at="2021-03-11T22:55:27 EST" name="tearDown" finished-at="2021-03-11T22:55:27 EST" duration-ms="0" status="PASS">
          <reporter-output>
          </reporter-output>
        </test-method> <!-- tearDown -->
        <test-method is-config="true" signature="tearDown()[pri:0, instance:sampleTestNG.SampleTest@43301423]" started-at="2021-03-11T22:55:27 EST" name="tearDown" finished-at="2021-03-11T22:55:27 EST" duration-ms="0" status="PASS">
          <reporter-output>
          </reporter-output>
        </test-method> <!-- tearDown -->
      </class> <!-- sampleTestNG.SampleTest -->
    </test> <!-- Test -->
  </suite> <!-- Suite -->
</testng-results>
